<?xml version="1.0" encoding="UTF-8"?>
<testng-results skipped="0" failed="0" total="1" passed="1">
  <reporter-output>
  </reporter-output>
  <suite name="Default suite" duration-ms="5081" started-at="2019-05-14T07:09:46Z" finished-at="2019-05-14T07:09:52Z">
    <groups>
    </groups>
    <test name="Default test" duration-ms="5081" started-at="2019-05-14T07:09:46Z" finished-at="2019-05-14T07:09:52Z">
      <class name="Firsttestingpackage.FirsttestNGfile">
        <test-method status="PASS" signature="verifyHomePageTitle()[pri:0, instance:Firsttestingpackage.FirsttestNGfile@1c53fd30]" name="verifyHomePageTitle" duration-ms="5070" started-at="2019-05-14T12:39:46Z" finished-at="2019-05-14T12:39:52Z">
          <reporter-output>
          </reporter-output>
        </test-method> <!-- verifyHomePageTitle -->
      </class> <!-- Firsttestingpackage.FirsttestNGfile -->
    </test> <!-- Default test -->
  </suite> <!-- Default suite -->
</testng-results>
