<?xml version="1.0" encoding="UTF-8"?>
<testng-results skipped="0" failed="0" total="2" passed="2">
  <reporter-output>
  </reporter-output>
  <suite name="Default suite" duration-ms="4768" started-at="2019-06-03T11:08:08Z" finished-at="2019-06-03T11:08:13Z">
    <groups>
    </groups>
    <test name="Default test" duration-ms="4768" started-at="2019-06-03T11:08:08Z" finished-at="2019-06-03T11:08:13Z">
      <class name="getRequest.GetData">
        <test-method status="PASS" signature="testBody()[pri:0, instance:getRequest.GetData@25618e91]" name="testBody" duration-ms="3960" started-at="2019-06-03T16:38:08Z" finished-at="2019-06-03T16:38:12Z">
          <reporter-output>
          </reporter-output>
        </test-method> <!-- testBody -->
        <test-method status="PASS" signature="testResponseCode()[pri:0, instance:getRequest.GetData@25618e91]" name="testResponseCode" duration-ms="774" started-at="2019-06-03T16:38:12Z" finished-at="2019-06-03T16:38:13Z">
          <reporter-output>
          </reporter-output>
        </test-method> <!-- testResponseCode -->
      </class> <!-- getRequest.GetData -->
    </test> <!-- Default test -->
  </suite> <!-- Default suite -->
</testng-results>
