<?xml version="1.0" encoding="UTF-8"?>
<testng-results skipped="0" failed="0" total="2" passed="2">
  <reporter-output>
  </reporter-output>
  <suite name="Default suite" duration-ms="28257" started-at="2019-05-31T10:30:43Z" finished-at="2019-05-31T10:31:11Z">
    <groups>
      <group name="group2">
        <method signature="TestTitle.verifyHomeTitle()[pri:0, instance:TestTitle@4e41089d]" name="verifyHomeTitle" class="TestTitle"/>
      </group> <!-- group2 -->
      <group name="group1">
        <method signature="TestTitle.verifyHomeTitle()[pri:0, instance:TestTitle@4e41089d]" name="verifyHomeTitle" class="TestTitle"/>
        <method signature="TestTitle.verifyVariable()[pri:0, instance:TestTitle@4e41089d]" name="verifyVariable" class="TestTitle"/>
      </group> <!-- group1 -->
    </groups>
    <test name="Default test" duration-ms="28257" started-at="2019-05-31T10:30:43Z" finished-at="2019-05-31T10:31:11Z">
      <class name="TestTitle">
        <test-method status="PASS" signature="setBaseUrl()[pri:0, instance:TestTitle@4e41089d]" name="setBaseUrl" is-config="true" duration-ms="27079" started-at="2019-05-31T16:00:43Z" finished-at="2019-05-31T16:01:10Z">
          <reporter-output>
          </reporter-output>
        </test-method> <!-- setBaseUrl -->
        <test-method status="PASS" signature="beforeMethod()[pri:0, instance:TestTitle@4e41089d]" name="beforeMethod" is-config="true" duration-ms="0" started-at="2019-05-31T16:01:10Z" finished-at="2019-05-31T16:01:10Z">
          <reporter-output>
          </reporter-output>
        </test-method> <!-- beforeMethod -->
        <test-method status="PASS" signature="verifyHomeTitle()[pri:0, instance:TestTitle@4e41089d]" name="verifyHomeTitle" duration-ms="403" started-at="2019-05-31T16:01:10Z" finished-at="2019-05-31T16:01:10Z">
          <reporter-output>
          </reporter-output>
        </test-method> <!-- verifyHomeTitle -->
        <test-method status="PASS" signature="beforeMethod()[pri:0, instance:TestTitle@4e41089d]" name="beforeMethod" is-config="true" duration-ms="0" started-at="2019-05-31T16:01:10Z" finished-at="2019-05-31T16:01:10Z">
          <reporter-output>
          </reporter-output>
        </test-method> <!-- beforeMethod -->
        <test-method status="PASS" signature="verifyVariable()[pri:0, instance:TestTitle@4e41089d]" name="verifyVariable" duration-ms="1" started-at="2019-05-31T16:01:10Z" finished-at="2019-05-31T16:01:10Z">
          <reporter-output>
          </reporter-output>
        </test-method> <!-- verifyVariable -->
        <test-method status="PASS" signature="endSession()[pri:0, instance:TestTitle@4e41089d]" name="endSession" is-config="true" duration-ms="439" started-at="2019-05-31T16:01:10Z" finished-at="2019-05-31T16:01:11Z">
          <reporter-output>
          </reporter-output>
        </test-method> <!-- endSession -->
      </class> <!-- TestTitle -->
    </test> <!-- Default test -->
  </suite> <!-- Default suite -->
</testng-results>
