<?xml version="1.0" encoding="UTF-8"?>
<testng-results skipped="0" failed="0" total="2" passed="2">
  <reporter-output>
  </reporter-output>
  <suite name="Default suite" duration-ms="104369" started-at="2019-05-28T10:56:58Z" finished-at="2019-05-28T10:58:42Z">
    <groups>
    </groups>
    <test name="Default test" duration-ms="104369" started-at="2019-05-28T10:56:58Z" finished-at="2019-05-28T10:58:42Z">
      <class name="firsttestpackage.NewTest">
        <test-method status="PASS" signature="lauchingBrowser()[pri:0, instance:firsttestpackage.NewTest@21a06946]" name="lauchingBrowser" is-config="true" duration-ms="3594" started-at="2019-05-28T16:26:58Z" finished-at="2019-05-28T16:27:01Z">
          <reporter-output>
          </reporter-output>
        </test-method> <!-- lauchingBrowser -->
        <test-method status="PASS" signature="verifyfunctionality1()[pri:0, instance:firsttestpackage.NewTest@21a06946]" name="verifyfunctionality1" duration-ms="42077" started-at="2019-05-28T16:27:01Z" finished-at="2019-05-28T16:27:43Z">
          <reporter-output>
          </reporter-output>
        </test-method> <!-- verifyfunctionality1 -->
        <test-method status="PASS" signature="loginAsTester2()[pri:1, instance:firsttestpackage.NewTest@21a06946]" name="loginAsTester2" duration-ms="58687" started-at="2019-05-28T16:27:43Z" finished-at="2019-05-28T16:28:42Z">
          <reporter-output>
          </reporter-output>
        </test-method> <!-- loginAsTester2 -->
        <test-method status="PASS" signature="closeBrowser()[pri:0, instance:firsttestpackage.NewTest@21a06946]" name="closeBrowser" is-config="true" duration-ms="0" started-at="2019-05-28T16:28:42Z" finished-at="2019-05-28T16:28:42Z">
          <reporter-output>
          </reporter-output>
        </test-method> <!-- closeBrowser -->
      </class> <!-- firsttestpackage.NewTest -->
    </test> <!-- Default test -->
  </suite> <!-- Default suite -->
</testng-results>
